<?xml version="1.0" encoding="UTF-8"?>
<testng-results ignored="0" total="2" passed="2" failed="0" skipped="0">
  <reporter-output>
  </reporter-output>
  <suite started-at="2025-09-23T23:36:30 IST" name="Default suite" finished-at="2025-09-23T23:36:33 IST" duration-ms="3383">
    <groups>
    </groups>
    <test started-at="2025-09-23T23:36:30 IST" name="Default test" finished-at="2025-09-23T23:36:33 IST" duration-ms="3383">
      <class name="day3.HeaderDemo">
        <test-method signature="getheadervalue()[pri:1, instance:day3.HeaderDemo@5c6648b0]" started-at="2025-09-23T23:36:30 IST" name="getheadervalue" finished-at="2025-09-23T23:36:33 IST" duration-ms="3137" status="PASS">
          <reporter-output>
          </reporter-output>
        </test-method> <!-- getheadervalue -->
        <test-method signature="printheadervalue()[pri:2, instance:day3.HeaderDemo@5c6648b0]" started-at="2025-09-23T23:36:33 IST" name="printheadervalue" finished-at="2025-09-23T23:36:33 IST" duration-ms="170" status="PASS">
          <reporter-output>
          </reporter-output>
        </test-method> <!-- printheadervalue -->
      </class> <!-- day3.HeaderDemo -->
    </test> <!-- Default test -->
  </suite> <!-- Default suite -->
</testng-results>
