<?xml version="1.0" encoding="UTF-8"?>
<testng-results ignored="0" total="1" passed="1" failed="0" skipped="0">
  <reporter-output>
  </reporter-output>
  <suite started-at="2025-09-18T16:09:32 IST" name="Default suite" finished-at="2025-09-18T16:09:34 IST" duration-ms="2525">
    <groups>
    </groups>
    <test started-at="2025-09-18T16:09:32 IST" name="Default test" finished-at="2025-09-18T16:09:34 IST" duration-ms="2525">
      <class name="day3.WorkingwithQueryParameter">
        <test-method signature="printCookiesofRequest()[pri:0, instance:day3.WorkingwithQueryParameter@5c6648b0]" started-at="2025-09-18T16:09:32 IST" name="printCookiesofRequest" finished-at="2025-09-18T16:09:34 IST" duration-ms="2496" status="PASS">
          <reporter-output>
          </reporter-output>
        </test-method> <!-- printCookiesofRequest -->
      </class> <!-- day3.WorkingwithQueryParameter -->
    </test> <!-- Default test -->
  </suite> <!-- Default suite -->
</testng-results>
